<?xml version="1.0" encoding="UTF-8"?>
<!-- Generated by org.testng.reporters.JUnitReportReporter -->
<testsuite hostname="LMC-LT-118" failures="0" tests="1" name="com.mystore.testcases.IndexPageTest" time="8.714" errors="0" timestamp="2022-08-02T10:30:23 IST" skipped="0">
  <testcase classname="com.mystore.testcases.IndexPageTest" name="verifyLogo" time="8.714"/>
  <system-out/>
</testsuite> <!-- com.mystore.testcases.IndexPageTest -->
